2023-09-27 14:09:12,433 [INFO] Activator:177 - 


2023-09-27 14:09:12,433 [INFO] Activator:178 - !SESSION log4j initialized
2023-09-27 14:09:35,675 [INFO] McuFinderGlobals:39 - Set McuFinder mode to 2 (CubeIDE integrated)
2023-09-27 14:09:36,019 [INFO] ApplicationProperties:181 - Using Application install path: C:\ST\STM32CubeIDE_1.7.0\STM32CubeIDE\plugins\com.st.stm32cube.common.mx_6.3.0.202107141111
2023-09-27 14:09:36,019 [INFO] DbMcusXml:74 - Set database path to: C:\ST\STM32CubeIDE_1.7.0\STM32CubeIDE\plugins\com.st.stm32cube.common.mx_6.3.0.202107141111\\db\/mcu/
2023-09-27 14:09:36,019 [INFO] DbBoardsPdsc:56 - Set plugin database path to: C:\ST\STM32CubeIDE_1.7.0\STM32CubeIDE\plugins\com.st.stm32cube.common.mx_6.3.0.202107141111\\db\/plugins/boardmanager/
2023-09-27 14:09:36,019 [INFO] DbMcus:258 - Set plugin images path to: C:\ST\STM32CubeIDE_1.7.0\STM32CubeIDE\plugins\com.st.stm32cube.common.mx_6.3.0.202107141111\\db\/plugins/mcufinder/images/
2023-09-27 14:09:36,019 [INFO] DbBoards:264 - Set plugin images path to: C:\ST\STM32CubeIDE_1.7.0\STM32CubeIDE\plugins\com.st.stm32cube.common.mx_6.3.0.202107141111\\db\/plugins/mcufinder/images/
2023-09-27 14:09:36,034 [INFO] DbExamples:333 - Set plugin images path to: C:\ST\STM32CubeIDE_1.7.0\STM32CubeIDE\plugins\com.st.stm32cube.common.mx_6.3.0.202107141111\\db\/plugins/mcufinder/images/
2023-09-27 14:09:36,034 [INFO] DbMcusAds:119 - Set database path to: C:\Users\M S I\.stmcufinder\plugins\mcufinder//mcu/
2023-09-27 14:09:36,034 [INFO] DbMcusDocs:110 - Set database path to: C:\Users\M S I\.stmcufinder\plugins\mcufinder//mcu/
2023-09-27 14:09:36,034 [INFO] DbMcusJson:64 - Set database path to: C:\Users\M S I\.stmcufinder\plugins\mcufinder//mcu/
2023-09-27 14:09:36,034 [INFO] DbBoardsDocs:110 - Set database path to: C:\Users\M S I\.stmcufinder\plugins\mcufinder//mcu/
2023-09-27 14:09:36,034 [INFO] DbBoardsJson:57 - Set database path to: C:\Users\M S I\.stmcufinder\plugins\mcufinder//mcu/
2023-09-27 14:09:38,989 [INFO] CrossReferenceDbSqlite:196 - Set database path to: C:\Users\M S I\.stmcufinder\plugins\mcufinder//mcu/cs/
2023-09-27 14:09:38,989 [INFO] DbExamplesSqlite:767 - Set database path to: C:\Users\M S I\.stmcufinder\plugins\mcufinder//mcu/
2023-09-27 14:09:39,099 [INFO] RulesReader:57 - Compatibility file has been processed (242 Rules)
2023-09-27 14:09:39,162 [INFO] DbMcusXml:74 - Set database path to: C:\ST\STM32CubeIDE_1.7.0\STM32CubeIDE\plugins\com.st.stm32cube.common.mx_6.3.0.202107141111\\db\/mcu/
2023-09-27 14:09:39,162 [INFO] DbBoardsPdsc:56 - Set plugin database path to: C:\ST\STM32CubeIDE_1.7.0\STM32CubeIDE\plugins\com.st.stm32cube.common.mx_6.3.0.202107141111\\db\/plugins/boardmanager/
2023-09-27 14:09:39,162 [INFO] DbMcus:258 - Set plugin images path to: C:\ST\STM32CubeIDE_1.7.0\STM32CubeIDE\plugins\com.st.stm32cube.common.mx_6.3.0.202107141111\\db\/plugins/mcufinder/images/
2023-09-27 14:09:39,162 [INFO] DbBoards:264 - Set plugin images path to: C:\ST\STM32CubeIDE_1.7.0\STM32CubeIDE\plugins\com.st.stm32cube.common.mx_6.3.0.202107141111\\db\/plugins/mcufinder/images/
2023-09-27 14:09:39,162 [INFO] DbExamples:333 - Set plugin images path to: C:\ST\STM32CubeIDE_1.7.0\STM32CubeIDE\plugins\com.st.stm32cube.common.mx_6.3.0.202107141111\\db\/plugins/mcufinder/images/
2023-09-27 14:09:39,162 [WARN] DbFile:35 - Overriding database path with different value: C:\Users\M S I\.stmcufinder\plugins\mcufinder/ => C:\Users\M S I\.stmcufinder\plugins\mcufinder
2023-09-27 14:09:39,162 [INFO] DbMcusAds:119 - Set database path to: C:\Users\M S I\.stmcufinder\plugins\mcufinder//mcu/
2023-09-27 14:09:39,162 [WARN] DbFile:35 - Overriding database path with different value: C:\Users\M S I\.stmcufinder\plugins\mcufinder/ => C:\Users\M S I\.stmcufinder\plugins\mcufinder
2023-09-27 14:09:39,162 [INFO] DbMcusDocs:110 - Set database path to: C:\Users\M S I\.stmcufinder\plugins\mcufinder//mcu/
2023-09-27 14:09:39,162 [WARN] DbFile:35 - Overriding database path with different value: C:\Users\M S I\.stmcufinder\plugins\mcufinder/ => C:\Users\M S I\.stmcufinder\plugins\mcufinder
2023-09-27 14:09:39,162 [INFO] DbMcusJson:64 - Set database path to: C:\Users\M S I\.stmcufinder\plugins\mcufinder//mcu/
2023-09-27 14:09:39,162 [WARN] DbFile:35 - Overriding database path with different value: C:\Users\M S I\.stmcufinder\plugins\mcufinder/ => C:\Users\M S I\.stmcufinder\plugins\mcufinder
2023-09-27 14:09:39,162 [INFO] DbBoardsDocs:110 - Set database path to: C:\Users\M S I\.stmcufinder\plugins\mcufinder//mcu/
2023-09-27 14:09:39,162 [WARN] DbFile:35 - Overriding database path with different value: C:\Users\M S I\.stmcufinder\plugins\mcufinder/ => C:\Users\M S I\.stmcufinder\plugins\mcufinder
2023-09-27 14:09:39,162 [INFO] DbBoardsJson:57 - Set database path to: C:\Users\M S I\.stmcufinder\plugins\mcufinder//mcu/
2023-09-27 14:09:39,162 [WARN] DbFile:35 - Overriding database path with different value: C:\Users\M S I\.stmcufinder\plugins\mcufinder/ => C:\Users\M S I\.stmcufinder\plugins\mcufinder
2023-09-27 14:09:39,162 [WARN] DbFile:35 - Overriding database path with different value: C:\Users\M S I\.stmcufinder\plugins\mcufinder/ => C:\Users\M S I\.stmcufinder\plugins\mcufinder
2023-09-27 14:09:39,162 [INFO] CrossReferenceDbSqlite:196 - Set database path to: C:\Users\M S I\.stmcufinder\plugins\mcufinder//mcu/cs/
2023-09-27 14:09:39,162 [WARN] DbFile:35 - Overriding database path with different value: C:\Users\M S I\.stmcufinder\plugins\mcufinder/ => C:\Users\M S I\.stmcufinder\plugins\mcufinder
2023-09-27 14:09:39,162 [INFO] DbExamplesSqlite:767 - Set database path to: C:\Users\M S I\.stmcufinder\plugins\mcufinder//mcu/
2023-09-27 14:09:39,224 [INFO] MainPanel:214 - HeapMemory: 268435456
2023-09-27 14:09:39,302 [INFO] DbMcusXml:74 - Set database path to: C:\ST\STM32CubeIDE_1.7.0\STM32CubeIDE\plugins\com.st.stm32cube.common.mx_6.3.0.202107141111\\db\/mcu/
2023-09-27 14:09:39,302 [INFO] DbBoardsPdsc:56 - Set plugin database path to: C:\ST\STM32CubeIDE_1.7.0\STM32CubeIDE\plugins\com.st.stm32cube.common.mx_6.3.0.202107141111\\db\/plugins/boardmanager/
2023-09-27 14:09:39,302 [INFO] DbMcus:258 - Set plugin images path to: C:\ST\STM32CubeIDE_1.7.0\STM32CubeIDE\plugins\com.st.stm32cube.common.mx_6.3.0.202107141111\\db\/plugins/mcufinder/images/
2023-09-27 14:09:39,302 [INFO] DbBoards:264 - Set plugin images path to: C:\ST\STM32CubeIDE_1.7.0\STM32CubeIDE\plugins\com.st.stm32cube.common.mx_6.3.0.202107141111\\db\/plugins/mcufinder/images/
2023-09-27 14:09:39,302 [INFO] DbExamples:333 - Set plugin images path to: C:\ST\STM32CubeIDE_1.7.0\STM32CubeIDE\plugins\com.st.stm32cube.common.mx_6.3.0.202107141111\\db\/plugins/mcufinder/images/
2023-09-27 14:09:39,302 [WARN] DbFile:35 - Overriding database path with different value: C:\Users\M S I\.stmcufinder\plugins\mcufinder/ => C:\Users\M S I\.stmcufinder\plugins\mcufinder
2023-09-27 14:09:39,302 [INFO] DbMcusAds:119 - Set database path to: C:\Users\M S I\.stmcufinder\plugins\mcufinder//mcu/
2023-09-27 14:09:39,302 [WARN] DbFile:35 - Overriding database path with different value: C:\Users\M S I\.stmcufinder\plugins\mcufinder/ => C:\Users\M S I\.stmcufinder\plugins\mcufinder
2023-09-27 14:09:39,302 [INFO] DbMcusDocs:110 - Set database path to: C:\Users\M S I\.stmcufinder\plugins\mcufinder//mcu/
2023-09-27 14:09:39,302 [WARN] DbFile:35 - Overriding database path with different value: C:\Users\M S I\.stmcufinder\plugins\mcufinder/ => C:\Users\M S I\.stmcufinder\plugins\mcufinder
2023-09-27 14:09:39,302 [INFO] DbMcusJson:64 - Set database path to: C:\Users\M S I\.stmcufinder\plugins\mcufinder//mcu/
2023-09-27 14:09:39,302 [WARN] DbFile:35 - Overriding database path with different value: C:\Users\M S I\.stmcufinder\plugins\mcufinder/ => C:\Users\M S I\.stmcufinder\plugins\mcufinder
2023-09-27 14:09:39,302 [INFO] DbBoardsDocs:110 - Set database path to: C:\Users\M S I\.stmcufinder\plugins\mcufinder//mcu/
2023-09-27 14:09:39,302 [WARN] DbFile:35 - Overriding database path with different value: C:\Users\M S I\.stmcufinder\plugins\mcufinder/ => C:\Users\M S I\.stmcufinder\plugins\mcufinder
2023-09-27 14:09:39,302 [INFO] DbBoardsJson:57 - Set database path to: C:\Users\M S I\.stmcufinder\plugins\mcufinder//mcu/
2023-09-27 14:09:39,302 [WARN] DbFile:35 - Overriding database path with different value: C:\Users\M S I\.stmcufinder\plugins\mcufinder/ => C:\Users\M S I\.stmcufinder\plugins\mcufinder
2023-09-27 14:09:39,302 [WARN] DbFile:35 - Overriding database path with different value: C:\Users\M S I\.stmcufinder\plugins\mcufinder/ => C:\Users\M S I\.stmcufinder\plugins\mcufinder
2023-09-27 14:09:39,302 [INFO] CrossReferenceDbSqlite:196 - Set database path to: C:\Users\M S I\.stmcufinder\plugins\mcufinder//mcu/cs/
2023-09-27 14:09:39,302 [WARN] DbFile:35 - Overriding database path with different value: C:\Users\M S I\.stmcufinder\plugins\mcufinder/ => C:\Users\M S I\.stmcufinder\plugins\mcufinder
2023-09-27 14:09:39,302 [INFO] DbExamplesSqlite:767 - Set database path to: C:\Users\M S I\.stmcufinder\plugins\mcufinder//mcu/
2023-09-27 14:09:39,318 [INFO] ApplicationProperties:181 - Using Application install path: C:\ST\STM32CubeIDE_1.7.0\STM32CubeIDE\plugins\com.st.stm32cube.common.mx_6.3.0.202107141111
2023-09-27 14:09:39,318 [INFO] PluginManage:188 - Search for loadable plugins [exclusion list=, ]
2023-09-27 14:09:39,318 [INFO] PluginManage:302 - Check plugin analytics
2023-09-27 14:09:42,350 [INFO] AnalyticsPlugin:257 - Accepted Software Licenses: 
2023-09-27 14:09:42,350 [INFO] AnalyticsPlugin:259 - Accepted CMSIS Pack Licenses: 
2023-09-27 14:09:42,350 [INFO] AnalyticsPlugin:261 - Accepted Firmware Licenses: 
2023-09-27 14:09:42,350 [INFO] PluginManage:352 - Loaded plugin analytics (category:tool,tabindex:-1)
2023-09-27 14:09:42,350 [INFO] PluginManage:302 - Check plugin clock
2023-09-27 14:09:42,365 [INFO] PluginManage:352 - Loaded plugin clock (category:base,tabindex:2)
2023-09-27 14:09:42,365 [INFO] PluginManage:302 - Check plugin ddr
2023-09-27 14:09:42,365 [INFO] PluginManage:352 - Loaded plugin ddr (category:tool,tabindex:6)
2023-09-27 14:09:42,365 [INFO] PluginManage:302 - Check plugin filemanager
2023-09-27 14:09:42,459 [INFO] PluginManage:352 - Loaded plugin filemanager (category:base,tabindex:10)
2023-09-27 14:09:42,475 [INFO] PluginManage:302 - Check plugin ipmanager
2023-09-27 14:09:42,475 [INFO] PluginManage:352 - Loaded plugin ipmanager (category:base,tabindex:5)
2023-09-27 14:09:42,475 [INFO] PluginManage:302 - Check plugin pinoutandconfiguration
2023-09-27 14:09:42,490 [INFO] PluginManage:352 - Loaded plugin pinoutandconfiguration (category:base,tabindex:1)
2023-09-27 14:09:42,490 [INFO] PluginManage:302 - Check plugin pinoutconfig
2023-09-27 14:09:42,506 [INFO] PluginManage:352 - Loaded plugin pinoutconfig (category:base,tabindex:0)
2023-09-27 14:09:42,506 [INFO] PluginManage:302 - Check plugin power
2023-09-27 14:09:42,537 [INFO] PluginManage:352 - Loaded plugin power (category:power,tabindex:4)
2023-09-27 14:09:42,537 [INFO] PluginManage:302 - Check plugin projectmanager
2023-09-27 14:09:42,537 [INFO] PluginManage:352 - Loaded plugin projectmanager (category:projectmanager,tabindex:3)
2023-09-27 14:09:42,537 [INFO] PluginManage:302 - Check plugin thirdparty
2023-09-27 14:09:42,709 [INFO] PluginManage:352 - Loaded plugin thirdparty (category:base,tabindex:-1)
2023-09-27 14:09:42,709 [INFO] PluginManage:302 - Check plugin tools
2023-09-27 14:09:42,709 [WARN] IntegrityCheckThread:78 - waiting for thirdparty lock release [integrity check]
2023-09-27 14:09:42,709 [INFO] IntegrityCheckThread:80 - entering critical section [integrity check]
2023-09-27 14:09:42,709 [INFO] ThirdPartyUpdaterWithRetryManager:66 - Updater plugin not ready yet. [1/15]
2023-09-27 14:09:42,756 [INFO] PluginManage:352 - Loaded plugin tools (category:base,tabindex:7)
2023-09-27 14:09:42,756 [INFO] PluginManage:302 - Check plugin tutovideos
2023-09-27 14:09:42,943 [INFO] PluginManage:352 - Loaded plugin tutovideos (category:base,tabindex:-1)
2023-09-27 14:09:42,943 [INFO] PluginManage:302 - Check plugin updater
2023-09-27 14:09:42,959 [INFO] PluginManage:352 - Loaded plugin updater (category:base,tabindex:12)
2023-09-27 14:09:42,959 [INFO] PluginManage:275 - PluginManage : Loaded plugins [13]
2023-09-27 14:09:43,084 [INFO] PinOutPanel:1463 - setPackage(No Configuration,No Configuration)
2023-09-27 14:09:43,162 [INFO] IPUIPlugin:74 - create IPUIPlugin
2023-09-27 14:09:43,162 [INFO] PluginManager:213 - loadIPPluginJar : add adc
2023-09-27 14:09:43,178 [INFO] IPUIPlugin:74 - create IPUIPlugin
2023-09-27 14:09:43,193 [INFO] PluginManager:213 - loadIPPluginJar : add aes
2023-09-27 14:09:43,224 [INFO] IPUIPlugin:74 - create IPUIPlugin
2023-09-27 14:09:43,224 [INFO] PluginManager:213 - loadIPPluginJar : add can
2023-09-27 14:09:43,240 [INFO] IPUIPlugin:74 - create IPUIPlugin
2023-09-27 14:09:43,240 [INFO] PluginManager:213 - loadIPPluginJar : add comp
2023-09-27 14:09:43,271 [INFO] IPUIPlugin:74 - create IPUIPlugin
2023-09-27 14:09:43,271 [INFO] PluginManager:213 - loadIPPluginJar : add cryp
2023-09-27 14:09:43,287 [INFO] IPUIPlugin:74 - create IPUIPlugin
2023-09-27 14:09:43,287 [INFO] PluginManager:213 - loadIPPluginJar : add dfsdm
2023-09-27 14:09:43,303 [INFO] IPUIPlugin:74 - create IPUIPlugin
2023-09-27 14:09:43,303 [INFO] PluginManager:213 - loadIPPluginJar : add dma
2023-09-27 14:09:43,334 [INFO] IPUIPlugin:74 - create IPUIPlugin
2023-09-27 14:09:43,334 [INFO] PluginManager:213 - loadIPPluginJar : add dma3
2023-09-27 14:09:43,365 [INFO] IPUIPlugin:74 - create IPUIPlugin
2023-09-27 14:09:43,365 [INFO] PluginManager:213 - loadIPPluginJar : add fatfs
2023-09-27 14:09:43,396 [INFO] IPUIPlugin:74 - create IPUIPlugin
2023-09-27 14:09:43,396 [INFO] PluginManager:213 - loadIPPluginJar : add fmc
2023-09-27 14:09:43,412 [INFO] IPUIPlugin:74 - create IPUIPlugin
2023-09-27 14:09:43,412 [INFO] PluginManager:213 - loadIPPluginJar : add freertos
2023-09-27 14:09:43,443 [INFO] IPUIPlugin:74 - create IPUIPlugin
2023-09-27 14:09:43,443 [INFO] PluginManager:213 - loadIPPluginJar : add genericplugin
2023-09-27 14:09:43,506 [INFO] IPUIPlugin:74 - create IPUIPlugin
2023-09-27 14:09:43,506 [INFO] PluginManager:213 - loadIPPluginJar : add gfxmmu
2023-09-27 14:09:43,599 [INFO] IPUIPlugin:74 - create IPUIPlugin
2023-09-27 14:09:43,599 [INFO] PluginManager:213 - loadIPPluginJar : add gic
2023-09-27 14:09:43,615 [INFO] IPUIPlugin:74 - create IPUIPlugin
2023-09-27 14:09:43,615 [INFO] PluginManager:213 - loadIPPluginJar : add gpio
2023-09-27 14:09:43,678 [INFO] IPUIPlugin:74 - create IPUIPlugin
2023-09-27 14:09:43,678 [INFO] PluginManager:213 - loadIPPluginJar : add gtzc
2023-09-27 14:09:43,693 [INFO] IPUIPlugin:74 - create IPUIPlugin
2023-09-27 14:09:43,693 [INFO] PluginManager:213 - loadIPPluginJar : add hash
2023-09-27 14:09:43,740 [INFO] IPUIPlugin:74 - create IPUIPlugin
2023-09-27 14:09:43,740 [INFO] PluginManager:213 - loadIPPluginJar : add i2c
2023-09-27 14:09:43,771 [INFO] IPUIPlugin:74 - create IPUIPlugin
2023-09-27 14:09:43,771 [INFO] PluginManager:213 - loadIPPluginJar : add i2s
2023-09-27 14:09:43,787 [INFO] IPUIPlugin:74 - create IPUIPlugin
2023-09-27 14:09:43,787 [INFO] PluginManager:213 - loadIPPluginJar : add ipddr
2023-09-27 14:09:43,849 [INFO] IPUIPlugin:74 - create IPUIPlugin
2023-09-27 14:09:43,849 [INFO] PluginManager:213 - loadIPPluginJar : add linkedlist
2023-09-27 14:09:43,881 [INFO] IPUIPlugin:74 - create IPUIPlugin
2023-09-27 14:09:43,881 [INFO] PluginManager:213 - loadIPPluginJar : add lorawan
2023-09-27 14:09:43,912 [INFO] IPUIPlugin:74 - create IPUIPlugin
2023-09-27 14:09:43,912 [INFO] PluginManager:213 - loadIPPluginJar : add ltdc
2023-09-27 14:09:43,927 [INFO] IPUIPlugin:74 - create IPUIPlugin
2023-09-27 14:09:43,927 [INFO] PluginManager:213 - loadIPPluginJar : add mdma
2023-09-27 14:09:43,927 [INFO] IPUIPlugin:74 - create IPUIPlugin
2023-09-27 14:09:43,927 [INFO] PluginManager:213 - loadIPPluginJar : add nvic
2023-09-27 14:09:43,959 [INFO] IPUIPlugin:74 - create IPUIPlugin
2023-09-27 14:09:43,959 [INFO] PluginManager:213 - loadIPPluginJar : add opamp
2023-09-27 14:09:44,021 [INFO] IPUIPlugin:74 - create IPUIPlugin
2023-09-27 14:09:44,021 [INFO] PluginManager:213 - loadIPPluginJar : add openamp
2023-09-27 14:09:44,052 [INFO] IPUIPlugin:74 - create IPUIPlugin
2023-09-27 14:09:44,052 [INFO] PluginManager:213 - loadIPPluginJar : add pdm2pcm
2023-09-27 14:09:44,052 [INFO] IPUIPlugin:74 - create IPUIPlugin
2023-09-27 14:09:44,068 [INFO] PluginManager:213 - loadIPPluginJar : add plateformsettings
2023-09-27 14:09:44,084 [INFO] IPUIPlugin:74 - create IPUIPlugin
2023-09-27 14:09:44,084 [INFO] PluginManager:213 - loadIPPluginJar : add quadspi
2023-09-27 14:09:44,084 [INFO] IPUIPlugin:74 - create IPUIPlugin
2023-09-27 14:09:44,099 [INFO] PluginManager:213 - loadIPPluginJar : add resmgrutility
2023-09-27 14:09:44,131 [INFO] IPUIPlugin:74 - create IPUIPlugin
2023-09-27 14:09:44,131 [INFO] PluginManager:213 - loadIPPluginJar : add sai
2023-09-27 14:09:44,162 [INFO] IPUIPlugin:74 - create IPUIPlugin
2023-09-27 14:09:44,162 [INFO] PluginManager:213 - loadIPPluginJar : add spi
2023-09-27 14:09:44,209 [INFO] IPUIPlugin:74 - create IPUIPlugin
2023-09-27 14:09:44,209 [INFO] PluginManager:213 - loadIPPluginJar : add stm32_wpan
2023-09-27 14:09:44,225 [INFO] IPUIPlugin:74 - create IPUIPlugin
2023-09-27 14:09:44,225 [INFO] PluginManager:213 - loadIPPluginJar : add tim
2023-09-27 14:09:44,272 [INFO] IPUIPlugin:74 - create IPUIPlugin
2023-09-27 14:09:44,272 [INFO] PluginManager:213 - loadIPPluginJar : add touchsensing
2023-09-27 14:09:44,287 [INFO] IPUIPlugin:74 - create IPUIPlugin
2023-09-27 14:09:44,287 [INFO] PluginManager:213 - loadIPPluginJar : add tracer_emb
2023-09-27 14:09:44,319 [INFO] IPUIPlugin:74 - create IPUIPlugin
2023-09-27 14:09:44,319 [INFO] PluginManager:213 - loadIPPluginJar : add ts
2023-09-27 14:09:44,334 [INFO] IPUIPlugin:74 - create IPUIPlugin
2023-09-27 14:09:44,334 [INFO] PluginManager:213 - loadIPPluginJar : add tsc
2023-09-27 14:09:44,365 [INFO] IPUIPlugin:74 - create IPUIPlugin
2023-09-27 14:09:44,365 [INFO] PluginManager:213 - loadIPPluginJar : add ucpd
2023-09-27 14:09:44,397 [INFO] IPUIPlugin:74 - create IPUIPlugin
2023-09-27 14:09:44,397 [INFO] PluginManager:213 - loadIPPluginJar : add usart
2023-09-27 14:09:44,428 [INFO] IPUIPlugin:74 - create IPUIPlugin
2023-09-27 14:09:44,428 [INFO] PluginManager:213 - loadIPPluginJar : add usbx
2023-09-27 14:09:44,701 [FATAL] Updater:294 - Updater called before beeing initialized
2023-09-27 14:09:44,780 [FATAL] Updater:294 - Updater called before beeing initialized
2023-09-27 14:09:44,780 [INFO] DbMcusAds:47 - JSON generation date=Tue Mar 07 15:50:55 HOVT 2023 (1678179055114)
2023-09-27 14:09:44,780 [FATAL] Updater:294 - Updater called before beeing initialized
2023-09-27 14:09:44,826 [WARN] DetailPanel:314 - Failed to get advertising image, set to default
2023-09-27 14:09:44,936 [FATAL] Updater:294 - Updater called before beeing initialized
2023-09-27 14:09:44,936 [FATAL] Updater:294 - Updater called before beeing initialized
2023-09-27 14:09:44,936 [FATAL] Updater:294 - Updater called before beeing initialized
2023-09-27 14:09:44,936 [WARN] DetailPanel:314 - Failed to get advertising image, set to default
2023-09-27 14:09:44,951 [FATAL] Updater:294 - Updater called before beeing initialized
2023-09-27 14:09:44,983 [ERROR] Updater:1075 - MainUpdater not yet initialized. External WinMGr cannot be set.
2023-09-27 14:09:44,998 [INFO] Updater:1012 - Updater Version found : 6.3.0
2023-09-27 14:09:45,014 [INFO] ApplicationProperties:181 - Using Application install path: C:\ST\STM32CubeIDE_1.7.0\STM32CubeIDE\plugins\com.st.stm32cube.common.mx_6.3.0.202107141111
2023-09-27 14:09:45,717 [INFO] ThirdPartyUpdaterWithRetryManager:66 - Updater plugin not ready yet. [2/15]
2023-09-27 14:09:47,093 [WARN] ServerAccessManage:1053 - Warning during Server Connexion :  timeout connect timed out
2023-09-27 14:09:48,718 [FATAL] Updater:294 - Updater called before beeing initialized
2023-09-27 14:09:48,718 [ERROR] IntegrityCheckThread:124 - Cannot retrieve database content from updater: error 21
2023-09-27 14:09:48,718 [INFO] ThirdParty:915 - Integrity check success = false
2023-09-27 14:09:48,718 [INFO] IntegrityCheckThread:94 - exiting critical section [integrity check]
2023-09-27 14:09:48,718 [INFO] IntegrityCheckThread:97 - End integrity checks thread
2023-09-27 14:09:49,109 [WARN] ServerAccessManage:1053 - Warning during Server Connexion :  timeout connect timed out
2023-09-27 14:09:55,344 [WARN] ServerAccessManage:1053 - Warning during Server Connexion :  timeout connect timed out
2023-09-27 14:09:57,345 [WARN] ServerAccessManage:1053 - Warning during Server Connexion :  timeout connect timed out
2023-09-27 14:09:57,345 [INFO] MainUpdater:2671 - connection check result : 22
2023-09-27 14:09:57,345 [INFO] MainUpdater:265 - Updater Check For Update Now.
2023-09-27 14:09:57,345 [INFO] MicroXplorer:478 - Change Database Version : DB.6.0.30
2023-09-27 14:09:57,516 [INFO] CheckServerUpdateThread:112 - End of CheckServer Thread
2023-09-27 14:09:57,594 [INFO] MainUpdater:2671 - connection check result : 22
2023-09-27 14:10:04,968 [WARN] ServerAccessManage:1053 - Warning during Server Connexion :  timeout connect timed out
2023-09-27 14:10:05,968 [WARN] ServerAccessManage:1053 - Warning during Server Connexion :  timeout connect timed out
2023-09-27 14:10:06,983 [WARN] ServerAccessManage:1053 - Warning during Server Connexion :  timeout connect timed out
2023-09-27 14:10:07,999 [WARN] ServerAccessManage:1053 - Warning during Server Connexion :  timeout connect timed out
2023-09-27 14:10:07,999 [INFO] MainUpdater:2671 - connection check result : 22
2023-09-27 14:10:09,374 [INFO] McuFinderGlobals:52 - Set McuFinderConnectedMode to false
2023-09-27 14:10:09,468 [INFO] CrossSelectorPresenter:1330 - Cross Selector saved comparison directory: C:\Users\M S I\.stmcufinder\plugins\mcufinder\mcu\cs_comparisons_mx
2023-09-27 14:10:09,468 [INFO] MultiScanPanel:197 - Auto-refresh data requested => check proxy status ongoing
2023-09-27 14:10:09,468 [INFO] MultiScanPanel:201 - Proxy status is invalid
2023-09-27 14:10:09,468 [INFO] FinderPluginLoader:87 - Searching for filters in installed packs
2023-09-27 14:10:09,468 [INFO] DbMcusXml:100 - Load MCU database from C:\ST\STM32CubeIDE_1.7.0\STM32CubeIDE\plugins\com.st.stm32cube.common.mx_6.3.0.202107141111\\db\/mcu/families.xml
2023-09-27 14:10:10,218 [INFO] DbMcusJson:93 - JSON generation date=Tue Nov 16 23:17:54 HOVT 2021 (1637079474)
2023-09-27 14:10:10,796 [INFO] DbMcus:175 - Found 1951 MCUs (1903 are supported by CubeMX, 1914 are visible in CubeMX)
2023-09-27 14:10:10,796 [INFO] ApiDb:251 - Load user favorites file C:\Users\M S I/.stm32cubeide/favorites.mcus.txt: 0 item(s)
2023-09-27 14:10:10,796 [INFO] ApiDb:255 - User favorites MCUs=[]
2023-09-27 14:10:10,796 [INFO] DbMcus:187 - Set 0 / 0 favorites MCUs
2023-09-27 14:10:11,155 [INFO] DetailPanel:309 - Set advertising image to C:/Users/M S I/STM32Cube/Repository/\en.prom-stm32h5-mcu-finder.jpg
2023-09-27 14:10:11,499 [INFO] DbBoardsPdsc:90 - Found 25 items
2023-09-27 14:10:11,515 [INFO] DbBoardsPdsc:90 - Found 9 items
2023-09-27 14:10:11,515 [INFO] DbBoardsPdsc:90 - Found 33 items
2023-09-27 14:10:11,530 [INFO] DbBoardsPdsc:90 - Found 1 items
2023-09-27 14:10:11,530 [INFO] DbBoardsPdsc:90 - Found 48 items
2023-09-27 14:10:11,546 [INFO] DbBoardsPdsc:90 - Found 43 items
2023-09-27 14:10:11,546 [INFO] DbBoardsPdsc:90 - Found 2 items
2023-09-27 14:10:11,561 [INFO] DbBoardsPdsc:90 - Found 5 items
2023-09-27 14:10:11,561 [WARN] DbBoardsPdsc:254 - Board STM32H7B3I-DK: unknown feature type=Audio, name=, username=Audio stereo codec with Headphone Amp (CS42L51-CNZ), n=1
2023-09-27 14:10:11,561 [WARN] DbBoardsPdsc:254 - Board STM32H735G-DK: unknown feature type=Audio, name=, username=Audio stereo codec with Headphone Amp (WM8994ECS/R), n=1
2023-09-27 14:10:11,561 [WARN] DbBoardsPdsc:254 - Board STM32H7B3I-EVAL: unknown feature type=Audio, name=, username=Multi-Channel Audio Codec (CS42L51-CNZ), n=1
2023-09-27 14:10:11,561 [WARN] DbBoardsPdsc:254 - Board STM32H7B3I-EVAL: unknown feature type=Meter, name=, username=Power-metering and Temperature-monitoring with sigma-delta modulators, n=1
2023-09-27 14:10:11,561 [WARN] DbBoardsPdsc:254 - Board STM32H7B3I-EVAL: unknown feature type=Motor, name=, username=Motor Control, n=1
2023-09-27 14:10:11,561 [WARN] DbBoardsPdsc:254 - Board STM32U575I-EV: unknown feature type=joystick, name=, username=4-direction joystick with selection button, n=1
2023-09-27 14:10:11,608 [INFO] DbBoardsJson:86 - JSON generation date=Tue Nov 16 23:17:54 HOVT 2021 (1637079474)
2023-09-27 14:10:11,624 [INFO] DbBoards:117 - Found 167 boards (163 are supported by CubeMX)
2023-09-27 14:10:11,624 [INFO] DbBoardsDocs:143 - JSON generation date=Tue Nov 16 23:17:54 HOVT 2021 (1637079474)
2023-09-27 14:10:11,640 [INFO] DbBoardsDocs:79 - Found 209 boards documents
2023-09-27 14:10:11,640 [WARN] DbBoards:127 - board B-L475E-IOT01A2 has no document id list !
2023-09-27 14:10:11,640 [WARN] DbBoards:127 - board NUCLEO-H743ZI has no document id list !
2023-09-27 14:10:11,640 [WARN] DbBoards:127 - board NUCLEO-WL55JC2 has no document id list !
2023-09-27 14:10:11,640 [WARN] DbBoards:127 - board P-NUCLEO-WB55-Nucleo has no document id list !
2023-09-27 14:10:11,640 [WARN] DbBoards:127 - board P-NUCLEO-WB55-USBDongle has no document id list !
2023-09-27 14:10:11,640 [WARN] DbBoards:127 - board STEVAL-BFA001V1B has no document id list !
2023-09-27 14:10:11,640 [WARN] DbBoards:127 - board STEVAL-BFA001V2B has no document id list !
2023-09-27 14:10:11,640 [WARN] DbBoards:127 - board STEVAL-IDP005V1 has no document id list !
2023-09-27 14:10:11,640 [WARN] DbBoards:127 - board STEVAL-IDP005V2 has no document id list !
2023-09-27 14:10:11,640 [WARN] DbBoards:127 - board STEVAL-MKSBOX1V1 has no document id list !
2023-09-27 14:10:11,640 [WARN] DbBoards:127 - board STEVAL-STWINKT1 has no document id list !
2023-09-27 14:10:11,640 [WARN] DbBoards:127 - board STEVAL-STWINKT1B has no document id list !
2023-09-27 14:10:11,640 [WARN] DbBoards:127 - board STM32439I-EVAL2 has no document id list !
2023-09-27 14:10:11,640 [WARN] DbBoards:127 - board STM32F401C-DISCO has no document id list !
2023-09-27 14:10:11,640 [WARN] DbBoards:127 - board STM32F769I-DISC1 has no document id list !
2023-09-27 14:10:11,640 [WARN] DbBoards:127 - board STM32G474E-EVAL1 has no document id list !
2023-09-27 14:10:11,640 [WARN] DbBoards:127 - board STM32H743I-EVAL2 has no document id list !
2023-09-27 14:10:11,640 [WARN] DbBoards:127 - board STM32H747I-DISC1 has no document id list !
2023-09-27 14:10:11,640 [WARN] DbBoards:127 - board STM32H753I-EVAL2 has no document id list !
2023-09-27 14:10:11,640 [WARN] DbBoards:127 - board STM32L-DISCOVERY has no document id list !
2023-09-27 14:10:11,749 [ERROR] DbBoards:189 - Image file not found for board B-U585I-IOT02A: C:\ST\STM32CubeIDE_1.7.0\STM32CubeIDE\plugins\com.st.stm32cube.common.mx_6.3.0.202107141111\\db\/plugins/mcufinder/images/boards/B-U585I-IOT02A_small.jpg
2023-09-27 14:10:11,843 [ERROR] DbBoards:189 - Image file not found for board NUCLEO-F413ZH: C:\ST\STM32CubeIDE_1.7.0\STM32CubeIDE\plugins\com.st.stm32cube.common.mx_6.3.0.202107141111\\db\/plugins/mcufinder/images/boards/nucleo-f413zh_small.jpg
2023-09-27 14:10:11,983 [ERROR] DbBoards:189 - Image file not found for board NUCLEO-L552ZE-Q: C:\ST\STM32CubeIDE_1.7.0\STM32CubeIDE\plugins\com.st.stm32cube.common.mx_6.3.0.202107141111\\db\/plugins/mcufinder/images/boards/nucleo_l552ze_q_small.jpg
2023-09-27 14:10:11,983 [ERROR] DbBoards:189 - Image file not found for board NUCLEO-U575ZI-Q: C:\ST\STM32CubeIDE_1.7.0\STM32CubeIDE\plugins\com.st.stm32cube.common.mx_6.3.0.202107141111\\db\/plugins/mcufinder/images/boards/nucleo-u575zi-q_small.jpg
2023-09-27 14:10:11,983 [ERROR] DbBoards:189 - Image file not found for board NUCLEO-WB15CC: C:\ST\STM32CubeIDE_1.7.0\STM32CubeIDE\plugins\com.st.stm32cube.common.mx_6.3.0.202107141111\\db\/plugins/mcufinder/images/boards/nucleo-wb15cc_small.jpg
2023-09-27 14:10:11,983 [ERROR] DbBoards:189 - Image file not found for board NUCLEO-WB55RG: C:\ST\STM32CubeIDE_1.7.0\STM32CubeIDE\plugins\com.st.stm32cube.common.mx_6.3.0.202107141111\\db\/plugins/mcufinder/images/boards/nucleo-wb55rg_small.jpg
2023-09-27 14:10:12,890 [INFO] ApiDb:251 - Load user favorites file C:\Users\M S I/.stm32cubeide/favorites.boards.txt: 0 item(s)
2023-09-27 14:10:12,890 [INFO] ApiDb:255 - User favorites Boards=[]
2023-09-27 14:10:12,890 [INFO] DbBoards:206 - Set 0 / 0 favorites Boards
2023-09-27 14:10:18,282 [INFO] McuFinderGlobals:52 - Set McuFinderConnectedMode to true
2023-09-27 14:10:18,329 [INFO] ApiDb:276 - Save user favorites file C:\Users\M S I/.stm32cubeide/favorites.mcus.txt: 0 item(s)
2023-09-27 14:10:18,329 [INFO] ApiDb:280 - User favorites MCUs=[]
2023-09-27 14:10:24,502 [INFO] MainUpdater:2671 - connection check result : 22
2023-09-27 14:10:39,301 [WARN] ServerAccessManage:1053 - Warning during Server Connexion :  timeout connect timed out
2023-09-27 14:10:40,301 [WARN] ServerAccessManage:1053 - Warning during Server Connexion :  timeout connect timed out
2023-09-27 14:10:41,302 [WARN] ServerAccessManage:1053 - Warning during Server Connexion :  timeout connect timed out
2023-09-27 14:10:42,317 [WARN] ServerAccessManage:1053 - Warning during Server Connexion :  timeout connect timed out
2023-09-27 14:10:42,317 [INFO] MainUpdater:2671 - connection check result : 22
2023-09-27 14:10:47,788 [WARN] ServerAccessManage:1053 - Warning during Server Connexion :  timeout connect timed out
2023-09-27 14:10:48,788 [WARN] ServerAccessManage:1053 - Warning during Server Connexion :  timeout connect timed out
2023-09-27 14:10:49,788 [WARN] ServerAccessManage:1053 - Warning during Server Connexion :  timeout connect timed out
2023-09-27 14:10:50,788 [WARN] ServerAccessManage:1053 - Warning during Server Connexion :  timeout connect timed out
2023-09-27 14:10:50,788 [INFO] MainUpdater:2671 - connection check result : 22
2023-09-27 14:10:52,322 [INFO] McuFinderGlobals:52 - Set McuFinderConnectedMode to false
2023-09-27 14:10:52,331 [INFO] CrossSelectorPresenter:1330 - Cross Selector saved comparison directory: C:\Users\M S I\.stmcufinder\plugins\mcufinder\mcu\cs_comparisons_mx
2023-09-27 14:10:52,331 [INFO] MultiScanPanel:197 - Auto-refresh data requested => check proxy status ongoing
2023-09-27 14:10:52,331 [INFO] MultiScanPanel:201 - Proxy status is invalid
2023-09-27 14:10:52,331 [INFO] FinderPluginLoader:87 - Searching for filters in installed packs
2023-09-27 14:10:52,551 [INFO] DetailPanel:309 - Set advertising image to C:/Users/M S I/STM32Cube/Repository/\en.prom-stm32h5-mcu-finder.jpg
2023-09-27 14:11:04,007 [INFO] DbMcusDocs:143 - JSON generation date=Tue Nov 16 23:17:54 HOVT 2021 (1637079474)
2023-09-27 14:11:04,226 [INFO] DbMcusDocs:79 - Found 682 MCUs documents
2023-09-27 14:11:15,212 [INFO] MainUpdater:2671 - connection check result : 22
2023-09-27 14:11:15,228 [INFO] MainUpdater:2671 - connection check result : 22
2023-09-27 14:11:20,791 [INFO] MicroXplorer:448 - Change Database Path : 
2023-09-27 14:11:20,791 [INFO] MicroXplorer:478 - Change Database Version : DB.6.0.30
2023-09-27 14:11:20,791 [WARN] ThirdParty:813 - waiting for thirdparty lock release [close project]
2023-09-27 14:11:20,791 [INFO] ThirdParty:815 - entering critical section [close project]
2023-09-27 14:11:20,791 [INFO] ThirdParty:825 - exiting critical section [close project]
2023-09-27 14:11:20,791 [INFO] PinOutPanel:1463 - setPackage(No Configuration,No Configuration)
2023-09-27 14:11:20,791 [INFO] UtilMem:74 - Begin LoadConfig() Used Memory: 231687088 Bytes (616562688)
2023-09-27 14:11:20,806 [INFO] MicroXplorer:448 - Change Database Path : 
2023-09-27 14:11:20,806 [INFO] MicroXplorer:478 - Change Database Version : DB.6.0.30
2023-09-27 14:11:20,806 [INFO] OpenFileManager:313 - Change cursor
2023-09-27 14:11:20,806 [WARN] IntegrityCheckThread:78 - waiting for thirdparty lock release [integrity check]
2023-09-27 14:11:20,806 [INFO] IntegrityCheckThread:80 - entering critical section [integrity check]
2023-09-27 14:11:20,931 [ERROR] Engine:463 - C:\Users\M S I\.stm32cubemx\thirdparties\pdsc\STMicroelectronics.X-CUBE-SMBUS.2.1.0.pdsc: PDSC version is not supported
2023-09-27 14:11:20,994 [WARN] PackLoader:238 - Cannot read IP mode file for STMicroelectronics.X-CUBE-AZRTOS-F7.1.1.0
2023-09-27 14:11:21,010 [ERROR] Engine:463 - C:\Users\M S I\.stm32cubemx\thirdparties\pdsc\STMicroelectronics.FP-SNS-MOTENV1.4.3.2.pdsc: PDSC version is not supported
2023-09-27 14:11:21,025 [ERROR] Engine:463 - C:\Users\M S I\.stm32cubemx\thirdparties\pdsc\STMicroelectronics.FP-SNS-FLIGHT1.5.0.2.pdsc: PDSC version is not supported
2023-09-27 14:11:21,025 [ERROR] Engine:463 - C:\Users\M S I\.stm32cubemx\thirdparties\pdsc\STMicroelectronics.X-CUBE-DISPLAY.3.0.0.pdsc: PDSC version is not supported
2023-09-27 14:11:21,041 [WARN] PackLoader:238 - Cannot read IP mode file for STMicroelectronics.X-CUBE-BLE1.7.0.0
2023-09-27 14:11:21,041 [ERROR] Engine:463 - C:\Users\M S I\.stm32cubemx\thirdparties\pdsc\emotas.I-CUBE-CANOPEN.1.3.0.pdsc: PDSC version is not supported
2023-09-27 14:11:21,057 [WARN] PackLoader:238 - Cannot read IP mode file for STMicroelectronics.X-CUBE-TOUCHGFX.4.22.0
2023-09-27 14:11:21,072 [ERROR] Engine:463 - C:\Users\M S I\.stm32cubemx\thirdparties\pdsc\STMicroelectronics.FP-SNS-SMARTAG2.1.2.0.pdsc: PDSC version is not supported
2023-09-27 14:11:21,088 [INFO] LogOutputStream:76 - [STDOUT_REDIRECT] 1 : Invalid condition id : UX_CORESTACK_Condition cause : null
2023-09-27 14:11:21,088 [INFO] LogOutputStream:76 - [STDOUT_REDIRECT] 1 : Invalid condition id : UX_CORESTACK_Condition cause : null
2023-09-27 14:11:21,088 [INFO] LogOutputStream:76 - [STDOUT_REDIRECT] 1 : Invalid condition id : UX_CORESTACK_Condition cause : null
2023-09-27 14:11:21,088 [INFO] LogOutputStream:76 - [STDOUT_REDIRECT] 1 : Invalid condition id : UX_CORESTACK_Condition cause : null
2023-09-27 14:11:21,088 [INFO] LogOutputStream:76 - [STDOUT_REDIRECT] 1 : Invalid condition id : UX_CORESTACK_Condition cause : null
2023-09-27 14:11:21,088 [WARN] PackLoader:238 - Cannot read IP mode file for STMicroelectronics.X-CUBE-AZRTOS-WL.2.0.0
2023-09-27 14:11:21,103 [WARN] PackLoader:238 - Cannot read IP mode file for WES.I-CUBE-Cesium.1.3.0
2023-09-27 14:11:21,103 [WARN] PackLoader:238 - Cannot read IP mode file for STMicroelectronics.X-CUBE-BLE2.3.3.0
2023-09-27 14:11:21,119 [WARN] PackLoader:238 - Cannot read IP mode file for STMicroelectronics.X-CUBE-ALGOBUILD.1.3.0
2023-09-27 14:11:21,135 [WARN] PackLoader:238 - Cannot read IP mode file for STMicroelectronics.X-CUBE-AZRTOS-G0.1.1.0
2023-09-27 14:11:21,150 [WARN] PackLoader:238 - Cannot read IP mode file for STMicroelectronics.X-CUBE-NFC4.3.0.0
2023-09-27 14:11:21,166 [WARN] PackLoader:238 - Cannot read IP mode file for STMicroelectronics.FP-ATR-SIGFOX1.3.2.0
2023-09-27 14:11:21,197 [WARN] PackLoader:238 - Cannot read IP mode file for SEGGER.I-CUBE-embOS.1.3.1
2023-09-27 14:11:21,228 [WARN] PackLoader:238 - Cannot read IP mode file for STMicroelectronics.X-CUBE-GNSS1.6.0.0
2023-09-27 14:11:21,260 [WARN] PackLoader:238 - Cannot read IP mode file for STMicroelectronics.X-CUBE-AZRTOS-F4.1.1.0
2023-09-27 14:11:21,260 [WARN] PackLoader:238 - Cannot read IP mode file for wolfSSL.I-CUBE-wolfSSL.5.6.3
2023-09-27 14:11:21,291 [WARN] PackLoader:238 - Cannot read IP mode file for STMicroelectronics.X-CUBE-AZRTOS-L5.2.0.0
2023-09-27 14:11:21,322 [WARN] PackLoader:238 - Cannot read IP mode file for STMicroelectronics.X-CUBE-MEMS1.9.6.0
2023-09-27 14:11:21,478 [WARN] PackLoader:238 - Cannot read IP mode file for STMicroelectronics.X-CUBE-BLEMGR.2.0.0
2023-09-27 14:11:21,494 [WARN] ConditionMgr:437 - getConditionDescription Invalid condition id : UX DEVICE CLASS RTOS Condition cause : null
2023-09-27 14:11:21,494 [WARN] ConditionMgr:437 - getConditionDescription Invalid condition id : UX DEVICE CLASS RTOS Condition cause : null
2023-09-27 14:11:21,494 [WARN] PackLoader:238 - Cannot read IP mode file for STMicroelectronics.X-CUBE-AZRTOS-H7.3.1.0
2023-09-27 14:11:21,494 [WARN] ConditionMgr:1038 - genDependencies : Invalid condition id : UX DEVICE CLASS RTOS Condition cause : null
2023-09-27 14:11:21,494 [WARN] ConditionMgr:1038 - genDependencies : Invalid condition id : UX DEVICE CLASS RTOS Condition cause : null
2023-09-27 14:11:21,494 [WARN] ConditionMgr:1038 - genDependencies : Invalid condition id : UX DEVICE CLASS RTOS Condition cause : null
2023-09-27 14:11:21,494 [WARN] ConditionMgr:1038 - genDependencies : Invalid condition id : UX DEVICE CLASS RTOS Condition cause : null
2023-09-27 14:11:21,494 [WARN] ConditionMgr:1038 - genDependencies : Invalid condition id : UX DEVICE CLASS RTOS Condition cause : null
2023-09-27 14:11:21,510 [WARN] PackLoader:238 - Cannot read IP mode file for STMicroelectronics.X-CUBE-NFC7.1.0.1
2023-09-27 14:11:21,525 [WARN] PackLoader:238 - Cannot read IP mode file for STMicroelectronics.X-CUBE-NFC6.3.0.0
2023-09-27 14:11:21,525 [WARN] PackLoader:238 - Cannot read IP mode file for STMicroelectronics.X-CUBE-EEPRMA1.4.1.0
2023-09-27 14:11:21,541 [WARN] PackLoader:238 - Cannot read IP mode file for STMicroelectronics.X-CUBE-AI.8.1.0
2023-09-27 14:11:21,557 [WARN] ConditionMgr:437 - getConditionDescription Invalid condition id : LAN8742 Phy interface Condition cause : null
2023-09-27 14:11:21,557 [WARN] PackLoader:238 - Cannot read IP mode file for STMicroelectronics.X-CUBE-AZRTOS-L4.2.0.0
2023-09-27 14:11:21,572 [WARN] ConditionMgr:1038 - genDependencies : Invalid condition id : LAN8742 Phy interface Condition cause : null
2023-09-27 14:11:21,572 [WARN] ConditionMgr:1038 - genDependencies : Invalid condition id : LAN8742 Phy interface Condition cause : null
2023-09-27 14:11:21,572 [WARN] ConditionMgr:1038 - genDependencies : Invalid condition id : LAN8742 Phy interface Condition cause : null
2023-09-27 14:11:21,572 [WARN] PackLoader:238 - Cannot read IP mode file for STMicroelectronics.X-CUBE-SFXS2LP1.4.0.0
2023-09-27 14:11:21,588 [WARN] PackLoader:238 - Cannot read IP mode file for STMicroelectronics.X-CUBE-ISPU.1.1.0
2023-09-27 14:11:21,603 [WARN] ConditionMgr:437 - getConditionDescription Invalid condition id : UX DEVICE CLASS RTOS Condition cause : null
2023-09-27 14:11:21,603 [WARN] ConditionMgr:437 - getConditionDescription Invalid condition id : UX DEVICE CLASS RTOS Condition cause : null
2023-09-27 14:11:21,603 [WARN] PackLoader:238 - Cannot read IP mode file for STMicroelectronics.X-CUBE-AZRTOS-WB.2.0.0
2023-09-27 14:11:21,603 [WARN] ConditionMgr:1038 - genDependencies : Invalid condition id : UX DEVICE CLASS RTOS Condition cause : null
2023-09-27 14:11:21,603 [WARN] ConditionMgr:1038 - genDependencies : Invalid condition id : UX DEVICE CLASS RTOS Condition cause : null
2023-09-27 14:11:21,603 [WARN] ConditionMgr:1038 - genDependencies : Invalid condition id : UX DEVICE CLASS RTOS Condition cause : null
2023-09-27 14:11:21,603 [WARN] ConditionMgr:1038 - genDependencies : Invalid condition id : UX DEVICE CLASS RTOS Condition cause : null
2023-09-27 14:11:21,603 [WARN] ConditionMgr:1038 - genDependencies : Invalid condition id : UX DEVICE CLASS RTOS Condition cause : null
2023-09-27 14:11:21,619 [WARN] PackLoader:238 - Cannot read IP mode file for STMicroelectronics.X-CUBE-SUBG2.5.0.0
2023-09-27 14:11:21,635 [ERROR] Engine:463 - C:\Users\M S I\.stm32cubemx\thirdparties\pdsc\STMicroelectronics.X-CUBE-TOF1.3.3.1.pdsc: PDSC version is not supported
2023-09-27 14:11:21,650 [WARN] PackLoader:238 - Cannot read IP mode file for STMicroelectronics.X-CUBE-AZRTOS-G4.2.0.0
2023-09-27 14:11:21,666 [ERROR] Engine:463 - C:\Users\M S I\.stm32cubemx\thirdparties\pdsc\STMicroelectronics.X-CUBE-FREERTOS.1.1.0.pdsc: PDSC version is not supported
2023-09-27 14:11:21,666 [WARN] PackLoader:238 - Cannot read IP mode file for portGmbH.I-Cube-SoM-uGOAL.1.1.0
2023-09-27 14:11:21,681 [WARN] PackLoader:238 - Cannot read IP mode file for STMicroelectronics.X-CUBE-ALS.1.0.1
2023-09-27 14:11:21,681 [WARN] PackLoader:238 - Cannot read IP mode file for STMicroelectronics.FP-ATR-ASTRA1.2.0.0
2023-09-27 14:11:21,681 [INFO] ThirdParty:915 - Integrity check success = true
2023-09-27 14:11:21,681 [INFO] IntegrityCheckThread:94 - exiting critical section [integrity check]
2023-09-27 14:11:21,681 [INFO] IntegrityCheckThread:97 - End integrity checks thread
2023-09-27 14:11:22,275 [INFO] Context:592 - Trying to add GPIOservice into a context  which must be forbidden
2023-09-27 14:11:22,416 [INFO] ImportTextPane:167 - (OptionalMessage_ERROR) Unable to find key (Mcu.ThirdPartyNb) in loaded IOC file
2023-09-27 14:11:22,416 [INFO] ImportTextPane:167 - (OptionalMessage_ERROR) Unable to find key (Mcu.PinsNb) in loaded IOC file
2023-09-27 14:11:22,416 [INFO] ImportTextPane:167 - (OptionalMessage_ERROR) Unable to find key (Mcu.IPNb) in loaded IOC file
2023-09-27 14:11:22,447 [WARN] ApiManager:304 - Cannot register API 'Board Extension:GNSS1A1' from pack STMicroelectronics.X-CUBE-GNSS1.6.0.0: no header file found
2023-09-27 14:11:22,447 [WARN] ApiManager:304 - Cannot register API 'Board Support:Custom' from pack STMicroelectronics.X-CUBE-GNSS1.6.0.0: no header file found
2023-09-27 14:11:22,447 [WARN] ApiManager:304 - Cannot register API 'Data Exchange:lib_gnss' from pack STMicroelectronics.X-CUBE-GNSS1.6.0.0: no header file found
2023-09-27 14:11:22,447 [WARN] ApiManager:304 - Cannot register API 'Wireless:BlueNRG-MS' from pack STMicroelectronics.X-CUBE-BLE1.7.0.0: no header file found
2023-09-27 14:11:22,463 [WARN] ModelIntegratedComponent:60 - No mode defined for component null
2023-09-27 14:11:22,463 [WARN] ModelIntegratedComponent:60 - No mode defined for component null
2023-09-27 14:11:22,463 [WARN] ModelIntegratedComponent:60 - No mode defined for component null
2023-09-27 14:11:22,463 [WARN] ModelIntegratedComponent:60 - No mode defined for component null
2023-09-27 14:11:22,463 [WARN] ModelIntegratedComponent:60 - No mode defined for component null
2023-09-27 14:11:22,463 [WARN] ModelIntegratedComponent:60 - No mode defined for component null
2023-09-27 14:11:22,463 [WARN] ModelIntegratedComponent:60 - No mode defined for component null
2023-09-27 14:11:22,463 [WARN] ModelIntegratedComponent:60 - No mode defined for component null
2023-09-27 14:11:22,463 [WARN] ModelIntegratedComponent:60 - No mode defined for component null
2023-09-27 14:11:22,463 [WARN] ModelIntegratedComponent:60 - No mode defined for component null
2023-09-27 14:11:22,463 [WARN] ModelIntegratedComponent:60 - No mode defined for component null
2023-09-27 14:11:22,463 [WARN] ModelIntegratedComponent:60 - No mode defined for component null
2023-09-27 14:11:22,463 [WARN] ModelIntegratedComponent:60 - No mode defined for component null
2023-09-27 14:11:22,463 [WARN] ModelIntegratedComponent:60 - No mode defined for component null
2023-09-27 14:11:22,463 [WARN] ModelIntegratedComponent:60 - No mode defined for component null
2023-09-27 14:11:22,463 [WARN] ModelIntegratedComponent:60 - No mode defined for component null
2023-09-27 14:11:22,463 [WARN] ModelIntegratedComponent:60 - No mode defined for component null
2023-09-27 14:11:22,463 [WARN] ModelIntegratedComponent:60 - No mode defined for component null
2023-09-27 14:11:22,463 [WARN] ModelIntegratedComponent:60 - No mode defined for component null
2023-09-27 14:11:22,463 [WARN] ModelIntegratedComponent:60 - No mode defined for component null
2023-09-27 14:11:22,463 [WARN] ModelIntegratedComponent:60 - No mode defined for component null
2023-09-27 14:11:22,463 [WARN] ModelIntegratedComponent:60 - No mode defined for component null
2023-09-27 14:11:22,463 [WARN] ModelIntegratedComponent:60 - No mode defined for component null
2023-09-27 14:11:22,463 [WARN] ModelIntegratedComponent:60 - No mode defined for component null
2023-09-27 14:11:22,463 [WARN] ModelIntegratedComponent:60 - No mode defined for component null
2023-09-27 14:11:22,463 [WARN] ModelIntegratedComponent:60 - No mode defined for component null
2023-09-27 14:11:22,463 [WARN] ModelIntegratedComponent:60 - No mode defined for component null
2023-09-27 14:11:22,463 [WARN] ModelIntegratedComponent:60 - No mode defined for component null
2023-09-27 14:11:22,463 [WARN] ModelIntegratedComponent:60 - No mode defined for component null
2023-09-27 14:11:22,463 [WARN] ModelIntegratedComponent:60 - No mode defined for component null
2023-09-27 14:11:22,463 [WARN] ModelIntegratedComponent:60 - No mode defined for component null
2023-09-27 14:11:22,463 [WARN] ApiManager:304 - Cannot register API 'Board Extension:NFC07A1' from pack STMicroelectronics.X-CUBE-NFC7.1.0.1: no header file found
2023-09-27 14:11:22,463 [WARN] ApiManager:304 - Cannot register API 'Board Extension:NFC06A1' from pack STMicroelectronics.X-CUBE-NFC6.3.0.0: no header file found
2023-09-27 14:11:22,463 [WARN] ApiManager:304 - Cannot register API 'Board Extension:NFC08A1' from pack STMicroelectronics.X-CUBE-NFC6.3.0.0: no header file found
2023-09-27 14:11:22,463 [WARN] ApiManager:304 - Cannot register API 'Board Extension:EEPRMA1' from pack STMicroelectronics.X-CUBE-EEPRMA1.4.1.0: no header file found
2023-09-27 14:11:22,463 [WARN] ApiManager:304 - Cannot register API 'Board Extension:EEPRMA2' from pack STMicroelectronics.X-CUBE-EEPRMA1.4.1.0: no header file found
2023-09-27 14:11:22,463 [WARN] ApiManager:304 - Cannot register API 'Board Extension:PGEEZ1' from pack STMicroelectronics.X-CUBE-EEPRMA1.4.1.0: no header file found
2023-09-27 14:11:22,463 [WARN] ApiManager:304 - Cannot register API 'Board Part:M24' from pack STMicroelectronics.X-CUBE-EEPRMA1.4.1.0: no header file found
2023-09-27 14:11:22,463 [WARN] ApiManager:304 - Cannot register API 'Board Part:M95' from pack STMicroelectronics.X-CUBE-EEPRMA1.4.1.0: no header file found
2023-09-27 14:11:22,463 [WARN] ApiManager:304 - Cannot register API 'Board Part:M95P32' from pack STMicroelectronics.X-CUBE-EEPRMA1.4.1.0: no header file found
2023-09-27 14:11:22,463 [WARN] ApiManager:304 - Cannot register API 'PGEEZ1:SPI' from pack STMicroelectronics.X-CUBE-EEPRMA1.4.1.0: no header file found
2023-09-27 14:11:22,463 [WARN] ApiManager:304 - Cannot register API 'PGEEZ1:QDSPI' from pack STMicroelectronics.X-CUBE-EEPRMA1.4.1.0: no header file found
2023-09-27 14:11:22,619 [WARN] ApiManager:304 - Cannot register API 'Board Extension:IKS01A3' from pack STMicroelectronics.X-CUBE-MEMS1.9.6.0: no header file found
2023-09-27 14:11:22,619 [WARN] ApiManager:304 - Cannot register API 'Board Extension:IKS01A2' from pack STMicroelectronics.X-CUBE-MEMS1.9.6.0: no header file found
2023-09-27 14:11:22,619 [WARN] ApiManager:304 - Cannot register API 'Board Extension:IKS02A1' from pack STMicroelectronics.X-CUBE-MEMS1.9.6.0: no header file found
2023-09-27 14:11:22,635 [INFO] RtosManager:484 - Registered RTOS mode: class=CMSIS, group=RTOS, mode=CMSIS_V1, owner=FREERTOS
2023-09-27 14:11:22,635 [INFO] RtosManager:484 - Registered RTOS mode: class=CMSIS, group=RTOS2, mode=CMSIS_V2, owner=FREERTOS
2023-09-27 14:11:22,635 [INFO] RtosManager:484 - Registered RTOS mode: class=RTOS, group=Core, mode=CMSIS_V1, owner=FREERTOS
2023-09-27 14:11:22,635 [INFO] RtosManager:484 - Registered RTOS mode: class=RTOS, group=Core, mode=CMSIS_V2, owner=FREERTOS
2023-09-27 14:11:22,635 [WARN] ModelIntegratedComponent:181 - Missing modes for component STMicroelectronics:FreeRTOS:0.0.1:STMicroelectronics:RTOS:FreeRTOS:Core:::10.2.0:
2023-09-27 14:11:22,635 [WARN] ApiManager:304 - Cannot register API 'Board Extension:NFC04A1' from pack STMicroelectronics.X-CUBE-NFC4.3.0.0: no header file found
2023-09-27 14:11:22,635 [WARN] ApiManager:304 - Cannot register API 'Board Extension:S2868A1' from pack STMicroelectronics.X-CUBE-SUBG2.5.0.0: no header file found
2023-09-27 14:11:22,635 [WARN] ApiManager:304 - Cannot register API 'Board Extension:S2868A2' from pack STMicroelectronics.X-CUBE-SUBG2.5.0.0: no header file found
2023-09-27 14:11:22,635 [WARN] ApiManager:304 - Cannot register API 'Board Extension:S2915A1' from pack STMicroelectronics.X-CUBE-SUBG2.5.0.0: no header file found
2023-09-27 14:11:22,635 [WARN] ApiManager:304 - Cannot register API 'Board Extension:S2868A1' from pack STMicroelectronics.X-CUBE-SFXS2LP1.4.0.0: no header file found
2023-09-27 14:11:22,635 [WARN] ApiManager:304 - Cannot register API 'Board Extension:S2868A2' from pack STMicroelectronics.X-CUBE-SFXS2LP1.4.0.0: no header file found
2023-09-27 14:11:22,635 [WARN] ApiManager:304 - Cannot register API 'Board Extension:S2915A1' from pack STMicroelectronics.X-CUBE-SFXS2LP1.4.0.0: no header file found
2023-09-27 14:11:22,635 [WARN] ApiManager:304 - Cannot register API 'Wireless:BlueNRG-2' from pack STMicroelectronics.X-CUBE-BLE2.3.3.0: no header file found
2023-09-27 14:11:23,854 [INFO] UtilMem:74 - End LoadConfig() Used Memory: 444043176 Bytes (616562688)
2023-09-27 14:11:23,854 [WARN] ThirdParty:779 - waiting for thirdparty lock release [change project]
2023-09-27 14:11:23,854 [INFO] ThirdParty:781 - entering critical section [change project]
2023-09-27 14:11:23,854 [INFO] ThirdParty:967 - CMSIS Pack Vendor :STMicroelectronics X-CUBE-ISPU 1.1.0
2023-09-27 14:11:23,854 [INFO] ThirdParty:967 - CMSIS Pack Vendor :STMicroelectronics X-CUBE-GNSS1 6.0.0
2023-09-27 14:11:23,854 [INFO] ThirdParty:967 - CMSIS Pack Vendor :STMicroelectronics USB_HOST 2.0.0
2023-09-27 14:11:23,854 [INFO] ThirdParty:967 - CMSIS Pack Vendor :STMicroelectronics X-CUBE-AZRTOS-F4 1.1.0
2023-09-27 14:11:23,854 [INFO] ThirdParty:967 - CMSIS Pack Vendor :STMicroelectronics X-CUBE-BLE1 7.0.0
2023-09-27 14:11:23,854 [INFO] ThirdParty:967 - CMSIS Pack Vendor :STMicroelectronics FP-ATR-SIGFOX1 3.2.0
2023-09-27 14:11:23,854 [INFO] ThirdParty:967 - CMSIS Pack Vendor :wolfSSL I-CUBE-wolfSSL 5.6.3
2023-09-27 14:11:23,854 [INFO] ThirdParty:967 - CMSIS Pack Vendor :STMicroelectronics USB_DEVICE 3.0.0
2023-09-27 14:11:23,854 [INFO] ThirdParty:967 - CMSIS Pack Vendor :STMicroelectronics HAL Drivers 0.0.0
2023-09-27 14:11:23,854 [INFO] ThirdParty:967 - CMSIS Pack Vendor :STMicroelectronics MBEDTLS 2.16.2
2023-09-27 14:11:23,854 [INFO] ThirdParty:967 - CMSIS Pack Vendor :STMicroelectronics X-CUBE-AZRTOS-WB 2.0.0
2023-09-27 14:11:23,854 [INFO] ThirdParty:967 - CMSIS Pack Vendor :STMicroelectronics X-CUBE-TOUCHGFX 4.22.0
2023-09-27 14:11:23,854 [INFO] ThirdParty:967 - CMSIS Pack Vendor :STMicroelectronics X-CUBE-NFC7 1.0.1
2023-09-27 14:11:23,854 [INFO] ThirdParty:967 - CMSIS Pack Vendor :STMicroelectronics MBEDTLS 2.14.1
2023-09-27 14:11:23,854 [INFO] ThirdParty:967 - CMSIS Pack Vendor :STMicroelectronics X-CUBE-AZRTOS-F7 1.1.0
2023-09-27 14:11:23,854 [INFO] ThirdParty:967 - CMSIS Pack Vendor :STMicroelectronics X-CUBE-AZRTOS-L5 2.0.0
2023-09-27 14:11:23,854 [INFO] ThirdParty:967 - CMSIS Pack Vendor :STMicroelectronics X-CUBE-NFC6 3.0.0
2023-09-27 14:11:23,854 [INFO] ThirdParty:967 - CMSIS Pack Vendor :STMicroelectronics X-CUBE-EEPRMA1 4.1.0
2023-09-27 14:11:23,854 [INFO] ThirdParty:967 - CMSIS Pack Vendor :portGmbH I-Cube-SoM-uGOAL 1.1.0
2023-09-27 14:11:23,854 [INFO] ThirdParty:967 - CMSIS Pack Vendor :STMicroelectronics X-CUBE-ALS 1.0.1
2023-09-27 14:11:23,854 [INFO] ThirdParty:967 - CMSIS Pack Vendor :STMicroelectronics USB_DEVICE 2.0.0
2023-09-27 14:11:23,854 [INFO] ThirdParty:967 - CMSIS Pack Vendor :STMicroelectronics X-CUBE-MEMS1 9.6.0
2023-09-27 14:11:23,854 [INFO] ThirdParty:967 - CMSIS Pack Vendor :STMicroelectronics X-CUBE-AZRTOS-WL 2.0.0
2023-09-27 14:11:23,854 [INFO] ThirdParty:967 - CMSIS Pack Vendor :STMicroelectronics X-CUBE-ALGOBUILD 1.3.0
2023-09-27 14:11:23,854 [INFO] ThirdParty:967 - CMSIS Pack Vendor :SEGGER I-CUBE-embOS 1.3.1
2023-09-27 14:11:23,854 [INFO] ThirdParty:967 - CMSIS Pack Vendor :STMicroelectronics FreeRTOS 0.0.1
2023-09-27 14:11:23,854 [INFO] ThirdParty:967 - CMSIS Pack Vendor :STMicroelectronics X-CUBE-AZRTOS-G0 1.1.0
2023-09-27 14:11:23,854 [INFO] ThirdParty:967 - CMSIS Pack Vendor :STMicroelectronics USB_DEVICE 1.0.0
2023-09-27 14:11:23,854 [INFO] ThirdParty:967 - CMSIS Pack Vendor :STMicroelectronics X-CUBE-BLEMGR 2.0.0
2023-09-27 14:11:23,854 [INFO] ThirdParty:967 - CMSIS Pack Vendor :STMicroelectronics X-CUBE-AI 8.1.0
2023-09-27 14:11:23,854 [INFO] ThirdParty:967 - CMSIS Pack Vendor :STMicroelectronics X-CUBE-NFC4 3.0.0
2023-09-27 14:11:23,854 [INFO] ThirdParty:967 - CMSIS Pack Vendor :STMicroelectronics X-CUBE-SUBG2 5.0.0
2023-09-27 14:11:23,854 [INFO] ThirdParty:967 - CMSIS Pack Vendor :STMicroelectronics X-CUBE-AZRTOS-L4 2.0.0
2023-09-27 14:11:23,854 [INFO] ThirdParty:967 - CMSIS Pack Vendor :STMicroelectronics ThreadX 0.0.2
2023-09-27 14:11:23,854 [INFO] ThirdParty:967 - CMSIS Pack Vendor :WES I-CUBE-Cesium 1.3.0
2023-09-27 14:11:23,854 [INFO] ThirdParty:967 - CMSIS Pack Vendor :STMicroelectronics FP-ATR-ASTRA1 2.0.0
2023-09-27 14:11:23,854 [INFO] ThirdParty:967 - CMSIS Pack Vendor :STMicroelectronics lwIP 2.0.3
2023-09-27 14:11:23,854 [INFO] ThirdParty:967 - CMSIS Pack Vendor :STMicroelectronics lwIP 2.1.2
2023-09-27 14:11:23,854 [INFO] ThirdParty:967 - CMSIS Pack Vendor :STMicroelectronics X-CUBE-SFXS2LP1 4.0.0
2023-09-27 14:11:23,854 [INFO] ThirdParty:967 - CMSIS Pack Vendor :STMicroelectronics X-CUBE-BLE2 3.3.0
2023-09-27 14:11:23,854 [INFO] ThirdParty:967 - CMSIS Pack Vendor :STMicroelectronics USB_HOST 1.0.0
2023-09-27 14:11:23,854 [INFO] ThirdParty:967 - CMSIS Pack Vendor :STMicroelectronics X-CUBE-AZRTOS-G4 2.0.0
2023-09-27 14:11:23,854 [INFO] ThirdParty:967 - CMSIS Pack Vendor :STMicroelectronics PDM2PCM 3.1.0
2023-09-27 14:11:23,854 [INFO] ThirdParty:967 - CMSIS Pack Vendor :STMicroelectronics X-CUBE-AZRTOS-H7 3.1.0
2023-09-27 14:11:23,854 [INFO] ThirdParty:967 - CMSIS Pack Vendor :STMicroelectronics PDM2PCM 3.2.0
2023-09-27 14:11:23,854 [INFO] ThirdParty:967 - CMSIS Pack Vendor :STMicroelectronics PDM2PCM 3.3.0
2023-09-27 14:11:23,854 [INFO] ThirdParty:787 - exiting critical section [change project]
2023-09-27 14:11:24,010 [INFO] PinOutPanel:1463 - setPackage(No Configuration,No Configuration)
2023-09-27 14:11:24,010 [INFO] PinOutPanel:1463 - setPackage(STM32F103C6Ux,UFQFPN48)
2023-09-27 14:11:24,339 [INFO] UtilMem:74 - Before build in PCC Used Memory: 242597360 Bytes (616562688)
2023-09-27 14:11:24,745 [INFO] UtilMem:74 - After build in PCC Used Memory: 321240560 Bytes (616562688)
2023-09-27 14:11:24,760 [INFO] IPUIPlugin:74 - create IPUIPlugin
2023-09-27 14:11:24,760 [INFO] IPUIPlugin:74 - create IPUIPlugin
2023-09-27 14:11:24,760 [INFO] IPUIPlugin:74 - create IPUIPlugin
2023-09-27 14:11:24,760 [INFO] IPUIPlugin:74 - create IPUIPlugin
2023-09-27 14:11:24,760 [INFO] IPUIPlugin:74 - create IPUIPlugin
2023-09-27 14:11:24,760 [INFO] IPUIPlugin:74 - create IPUIPlugin
2023-09-27 14:11:24,760 [INFO] IPUIPlugin:74 - create IPUIPlugin
2023-09-27 14:11:24,760 [INFO] IPUIPlugin:74 - create IPUIPlugin
2023-09-27 14:11:24,760 [INFO] IPUIPlugin:74 - create IPUIPlugin
2023-09-27 14:11:24,760 [INFO] IPUIPlugin:74 - create IPUIPlugin
2023-09-27 14:11:24,760 [INFO] IPUIPlugin:74 - create IPUIPlugin
2023-09-27 14:11:24,760 [INFO] IPUIPlugin:74 - create IPUIPlugin
2023-09-27 14:11:24,760 [INFO] IPUIPlugin:74 - create IPUIPlugin
2023-09-27 14:11:24,760 [INFO] IPUIPlugin:74 - create IPUIPlugin
2023-09-27 14:11:24,760 [INFO] IPUIPlugin:74 - create IPUIPlugin
2023-09-27 14:11:24,760 [INFO] IPUIPlugin:74 - create IPUIPlugin
2023-09-27 14:11:24,760 [INFO] IPUIPlugin:74 - create IPUIPlugin
2023-09-27 14:11:24,760 [INFO] IPUIPlugin:74 - create IPUIPlugin
2023-09-27 14:11:24,760 [INFO] IPUIPlugin:74 - create IPUIPlugin
2023-09-27 14:11:24,760 [INFO] IPUIPlugin:74 - create IPUIPlugin
2023-09-27 14:11:24,760 [INFO] IPUIPlugin:74 - create IPUIPlugin
2023-09-27 14:11:24,760 [INFO] IPUIPlugin:74 - create IPUIPlugin
2023-09-27 14:11:24,760 [INFO] IPUIPlugin:74 - create IPUIPlugin
2023-09-27 14:11:24,839 [INFO] OpenFileManager:333 - Restore cursor
2023-09-27 14:11:25,042 [INFO] UtilMem:74 - End SaveConfig() Used Memory: 386774512 Bytes (616562688)
2023-09-27 14:11:25,073 [INFO] UtilMem:74 - End SaveConfig() Used Memory: 398835184 Bytes (616562688)
2023-09-27 14:11:25,339 [INFO] BlockDiagram:2740 - set Specific Code input for plugin: NVIC
2023-09-27 14:11:25,339 [INFO] BlockDiagram:2740 - set Specific Code input for plugin: SYS
2023-09-27 14:11:25,339 [INFO] BlockDiagram:2740 - set Specific Code input for plugin: RCC
2023-09-27 14:11:25,339 [INFO] CodeGenerator:663 - code generatio: config db path: C:\ST\STM32CubeIDE_1.7.0\STM32CubeIDE\plugins\com.st.stm32cube.common.mx_6.3.0.202107141111\\db\
2023-09-27 14:11:25,604 [INFO] CodeEngine:239 - oldGeneratedFile, C:\Users\M S I\Desktop\Ex5\Excercise5\MXTmpFiles\license.tmp_save
2023-09-27 14:11:25,823 [INFO] CodeEngine:257 - Generated code: C:\Users\M S I\Desktop\Ex5\Excercise5\MXTmpFiles\license.tmp
2023-09-27 14:11:25,917 [INFO] CodeEngine:239 - oldGeneratedFile, C:\Users\M S I\Desktop\Ex5\Excercise5\Core\Src\stm32f1xx_it.c_save
2023-09-27 14:11:25,995 [INFO] CodeEngine:257 - Generated code: C:\Users\M S I\Desktop\Ex5\Excercise5\Core\Src\stm32f1xx_it.c
2023-09-27 14:11:25,995 [INFO] CodeEngine:239 - oldGeneratedFile, C:\Users\M S I\Desktop\Ex5\Excercise5\Core\Inc\stm32f1xx_it.h_save
2023-09-27 14:11:26,058 [INFO] CodeEngine:257 - Generated code: C:\Users\M S I\Desktop\Ex5\Excercise5\Core\Inc\stm32f1xx_it.h
2023-09-27 14:11:26,058 [INFO] CodeEngine:239 - oldGeneratedFile, C:\Users\M S I\Desktop\Ex5\Excercise5\Core\Src\stm32f1xx_hal_msp.c_save
2023-09-27 14:11:26,152 [INFO] CodeEngine:257 - Generated code: C:\Users\M S I\Desktop\Ex5\Excercise5\Core\Src\stm32f1xx_hal_msp.c
2023-09-27 14:11:26,152 [INFO] CodeEngine:239 - oldGeneratedFile, C:\Users\M S I\Desktop\Ex5\Excercise5\MXTmpFiles\system.tmp_save
2023-09-27 14:11:26,214 [INFO] CodeEngine:257 - Generated code: C:\Users\M S I\Desktop\Ex5\Excercise5\MXTmpFiles\system.tmp
2023-09-27 14:11:26,230 [INFO] CodeEngine:239 - oldGeneratedFile, C:\Users\M S I\Desktop\Ex5\Excercise5\Core\Inc\stm32f1xx_hal_conf.h_save
2023-09-27 14:11:26,339 [INFO] CodeEngine:257 - Generated code: C:\Users\M S I\Desktop\Ex5\Excercise5\Core\Inc\stm32f1xx_hal_conf.h
2023-09-27 14:11:26,370 [INFO] CodeEngine:239 - oldGeneratedFile, C:\Users\M S I\Desktop\Ex5\Excercise5\Core\Inc\main.h_save
2023-09-27 14:11:26,433 [INFO] CodeEngine:257 - Generated code: C:\Users\M S I\Desktop\Ex5\Excercise5\Core\Inc\main.h
2023-09-27 14:11:26,433 [INFO] CodeEngine:239 - oldGeneratedFile, C:\Users\M S I\Desktop\Ex5\Excercise5\Core\Src\main.c_save
2023-09-27 14:11:26,527 [INFO] CodeEngine:257 - Generated code: C:\Users\M S I\Desktop\Ex5\Excercise5\Core\Src\main.c
2023-09-27 14:11:27,199 [INFO] ProjectBuilder:2578 - Time for Copy HAL[1] : 63mS.
2023-09-27 14:11:27,214 [INFO] ProjectBuilder:3622 - Project Generator version: 3.14.1
2023-09-27 14:11:27,605 [INFO] ConfigFileManager:1271 - The Die is : DIE412
2023-09-27 14:11:27,621 [INFO] ApiDbMcu:468 - Load IP Config File for FATFS
2023-09-27 14:11:27,667 [INFO] ApiDbMcu:468 - Load IP Config File for FREERTOS
2023-09-27 14:11:27,699 [INFO] ApiDbMcu:468 - Load IP Config File for USB_DEVICE
2023-09-27 14:11:31,403 [INFO] ProjectBuilder:3789 - Time for Generating toolchain IDE Files: 4189mS.
2023-09-27 14:11:31,403 [INFO] ProjectBuilder:2457 - Time for Copy CMSIS : 0mS.
2023-09-27 14:11:31,403 [INFO] ProjectBuilder:2457 - Time for Copy CMSIS : 0mS.
2023-09-27 14:11:32,013 [INFO] McuFinderGlobals:52 - Set McuFinderConnectedMode to true
2023-09-27 14:11:32,013 [INFO] ApiDb:276 - Save user favorites file C:\Users\M S I/.stm32cubeide/favorites.mcus.txt: 0 item(s)
2023-09-27 14:11:32,013 [INFO] ApiDb:280 - User favorites MCUs=[]
2023-09-27 14:16:16,727 [INFO] Gpio:254 - dependency for GPIO []
2023-09-27 14:16:31,528 [INFO] UtilMem:74 - End SaveConfig() Used Memory: 871312912 Bytes (1000341504)
2023-09-27 14:16:32,849 [INFO] UtilMem:74 - End SaveConfig() Used Memory: 716837056 Bytes (1000341504)
2023-09-27 14:16:34,538 [INFO] UtilMem:74 - End SaveConfig() Used Memory: 852629696 Bytes (1000341504)
2023-09-27 14:16:34,782 [INFO] BlockDiagram:2740 - set Specific Code input for plugin: NVIC
2023-09-27 14:16:34,782 [INFO] BlockDiagram:2740 - set Specific Code input for plugin: SYS
2023-09-27 14:16:34,782 [INFO] BlockDiagram:2740 - set Specific Code input for plugin: GPIO
2023-09-27 14:16:34,782 [INFO] BlockDiagram:2740 - set Specific Code input for plugin: RCC
2023-09-27 14:16:34,782 [INFO] CodeGenerator:663 - code generatio: config db path: C:\ST\STM32CubeIDE_1.7.0\STM32CubeIDE\plugins\com.st.stm32cube.common.mx_6.3.0.202107141111\\db\
2023-09-27 14:16:35,098 [INFO] CodeEngine:239 - oldGeneratedFile, C:\Users\M S I\Desktop\Ex5\Excercise5\MXTmpFiles\license.tmp_save
2023-09-27 14:16:35,149 [INFO] CodeEngine:257 - Generated code: C:\Users\M S I\Desktop\Ex5\Excercise5\MXTmpFiles\license.tmp
2023-09-27 14:16:35,252 [INFO] CodeEngine:239 - oldGeneratedFile, C:\Users\M S I\Desktop\Ex5\Excercise5\MXTmpFiles\gpio.tmp_save
2023-09-27 14:16:35,312 [INFO] CodeEngine:257 - Generated code: C:\Users\M S I\Desktop\Ex5\Excercise5\MXTmpFiles\gpio.tmp
2023-09-27 14:16:35,417 [INFO] CodeEngine:239 - oldGeneratedFile, C:\Users\M S I\Desktop\Ex5\Excercise5\Core\Src\stm32f1xx_it.c_save
2023-09-27 14:16:35,528 [INFO] CodeEngine:257 - Generated code: C:\Users\M S I\Desktop\Ex5\Excercise5\Core\Src\stm32f1xx_it.c
2023-09-27 14:16:35,528 [INFO] CodeEngine:239 - oldGeneratedFile, C:\Users\M S I\Desktop\Ex5\Excercise5\Core\Inc\stm32f1xx_it.h_save
2023-09-27 14:16:35,599 [INFO] CodeEngine:257 - Generated code: C:\Users\M S I\Desktop\Ex5\Excercise5\Core\Inc\stm32f1xx_it.h
2023-09-27 14:16:35,619 [INFO] CodeEngine:239 - oldGeneratedFile, C:\Users\M S I\Desktop\Ex5\Excercise5\Core\Src\stm32f1xx_hal_msp.c_save
2023-09-27 14:16:35,687 [INFO] CodeEngine:257 - Generated code: C:\Users\M S I\Desktop\Ex5\Excercise5\Core\Src\stm32f1xx_hal_msp.c
2023-09-27 14:16:35,687 [INFO] CodeEngine:239 - oldGeneratedFile, C:\Users\M S I\Desktop\Ex5\Excercise5\MXTmpFiles\system.tmp_save
2023-09-27 14:16:35,738 [INFO] CodeEngine:257 - Generated code: C:\Users\M S I\Desktop\Ex5\Excercise5\MXTmpFiles\system.tmp
2023-09-27 14:16:35,749 [INFO] CodeEngine:239 - oldGeneratedFile, C:\Users\M S I\Desktop\Ex5\Excercise5\Core\Inc\stm32f1xx_hal_conf.h_save
2023-09-27 14:16:35,818 [INFO] CodeEngine:257 - Generated code: C:\Users\M S I\Desktop\Ex5\Excercise5\Core\Inc\stm32f1xx_hal_conf.h
2023-09-27 14:16:35,848 [INFO] CodeEngine:239 - oldGeneratedFile, C:\Users\M S I\Desktop\Ex5\Excercise5\Core\Inc\main.h_save
2023-09-27 14:16:35,908 [INFO] CodeEngine:257 - Generated code: C:\Users\M S I\Desktop\Ex5\Excercise5\Core\Inc\main.h
2023-09-27 14:16:35,922 [INFO] CodeEngine:239 - oldGeneratedFile, C:\Users\M S I\Desktop\Ex5\Excercise5\Core\Src\main.c_save
2023-09-27 14:16:36,038 [INFO] CodeEngine:257 - Generated code: C:\Users\M S I\Desktop\Ex5\Excercise5\Core\Src\main.c
2023-09-27 14:16:36,794 [INFO] ProjectBuilder:2578 - Time for Copy HAL[1] : 77mS.
2023-09-27 14:16:36,798 [INFO] ProjectBuilder:3622 - Project Generator version: 3.14.1
2023-09-27 14:16:37,159 [INFO] ConfigFileManager:1271 - The Die is : DIE412
2023-09-27 14:16:39,068 [INFO] ProjectBuilder:3789 - Time for Generating toolchain IDE Files: 2270mS.
2023-09-27 14:16:39,068 [INFO] ProjectBuilder:2457 - Time for Copy CMSIS : 0mS.
2023-09-27 14:16:39,068 [INFO] ProjectBuilder:2457 - Time for Copy CMSIS : 0mS.
2023-09-27 14:57:18,584 [INFO] Gpio:254 - dependency for GPIO []
2023-09-27 14:57:18,663 [INFO] DmaTabbedPanel:198 - Cannot restore the selected Tab for DMA
2023-09-27 14:57:19,803 [INFO] Gpio:254 - dependency for GPIO []
2023-09-27 15:03:23,971 [INFO] Gpio:254 - dependency for GPIO []
2023-09-27 15:06:21,253 [INFO] Gpio:254 - dependency for GPIO []
2023-09-27 15:06:23,597 [INFO] Gpio:254 - dependency for GPIO []
2023-09-27 15:06:36,476 [INFO] UtilMem:74 - End SaveConfig() Used Memory: 798166088 Bytes (1068498944)
2023-09-27 15:06:37,617 [INFO] UtilMem:74 - End SaveConfig() Used Memory: 818888552 Bytes (1068498944)
2023-09-27 15:06:38,757 [INFO] UtilMem:74 - End SaveConfig() Used Memory: 847971400 Bytes (1068498944)
2023-09-27 15:06:38,960 [INFO] BlockDiagram:2740 - set Specific Code input for plugin: NVIC
2023-09-27 15:06:38,960 [INFO] BlockDiagram:2740 - set Specific Code input for plugin: SYS
2023-09-27 15:06:38,960 [INFO] BlockDiagram:2740 - set Specific Code input for plugin: GPIO
2023-09-27 15:06:38,960 [INFO] BlockDiagram:2740 - set Specific Code input for plugin: RCC
2023-09-27 15:06:38,960 [INFO] CodeGenerator:663 - code generatio: config db path: C:\ST\STM32CubeIDE_1.7.0\STM32CubeIDE\plugins\com.st.stm32cube.common.mx_6.3.0.202107141111\\db\
2023-09-27 15:06:39,273 [INFO] CodeEngine:239 - oldGeneratedFile, C:\Users\M S I\Desktop\Ex5\Excercise5\MXTmpFiles\license.tmp_save
2023-09-27 15:06:39,320 [INFO] CodeEngine:257 - Generated code: C:\Users\M S I\Desktop\Ex5\Excercise5\MXTmpFiles\license.tmp
2023-09-27 15:06:39,367 [INFO] CodeEngine:239 - oldGeneratedFile, C:\Users\M S I\Desktop\Ex5\Excercise5\MXTmpFiles\gpio.tmp_save
2023-09-27 15:06:39,445 [INFO] CodeEngine:257 - Generated code: C:\Users\M S I\Desktop\Ex5\Excercise5\MXTmpFiles\gpio.tmp
2023-09-27 15:06:39,508 [INFO] CodeEngine:239 - oldGeneratedFile, C:\Users\M S I\Desktop\Ex5\Excercise5\Core\Src\stm32f1xx_it.c_save
2023-09-27 15:06:39,586 [INFO] CodeEngine:257 - Generated code: C:\Users\M S I\Desktop\Ex5\Excercise5\Core\Src\stm32f1xx_it.c
2023-09-27 15:06:39,586 [INFO] CodeEngine:239 - oldGeneratedFile, C:\Users\M S I\Desktop\Ex5\Excercise5\Core\Inc\stm32f1xx_it.h_save
2023-09-27 15:06:39,648 [INFO] CodeEngine:257 - Generated code: C:\Users\M S I\Desktop\Ex5\Excercise5\Core\Inc\stm32f1xx_it.h
2023-09-27 15:06:39,664 [INFO] CodeEngine:239 - oldGeneratedFile, C:\Users\M S I\Desktop\Ex5\Excercise5\Core\Src\stm32f1xx_hal_msp.c_save
2023-09-27 15:06:39,726 [INFO] CodeEngine:257 - Generated code: C:\Users\M S I\Desktop\Ex5\Excercise5\Core\Src\stm32f1xx_hal_msp.c
2023-09-27 15:06:39,742 [INFO] CodeEngine:239 - oldGeneratedFile, C:\Users\M S I\Desktop\Ex5\Excercise5\MXTmpFiles\system.tmp_save
2023-09-27 15:06:39,773 [INFO] CodeEngine:257 - Generated code: C:\Users\M S I\Desktop\Ex5\Excercise5\MXTmpFiles\system.tmp
2023-09-27 15:06:39,789 [INFO] CodeEngine:239 - oldGeneratedFile, C:\Users\M S I\Desktop\Ex5\Excercise5\Core\Inc\stm32f1xx_hal_conf.h_save
2023-09-27 15:06:39,867 [INFO] CodeEngine:257 - Generated code: C:\Users\M S I\Desktop\Ex5\Excercise5\Core\Inc\stm32f1xx_hal_conf.h
2023-09-27 15:06:39,898 [INFO] CodeEngine:239 - oldGeneratedFile, C:\Users\M S I\Desktop\Ex5\Excercise5\Core\Inc\main.h_save
2023-09-27 15:06:39,961 [INFO] CodeEngine:257 - Generated code: C:\Users\M S I\Desktop\Ex5\Excercise5\Core\Inc\main.h
2023-09-27 15:06:39,976 [INFO] CodeEngine:239 - oldGeneratedFile, C:\Users\M S I\Desktop\Ex5\Excercise5\Core\Src\main.c_save
2023-09-27 15:06:40,070 [INFO] CodeEngine:257 - Generated code: C:\Users\M S I\Desktop\Ex5\Excercise5\Core\Src\main.c
2023-09-27 15:06:40,789 [INFO] ProjectBuilder:2578 - Time for Copy HAL[1] : 47mS.
2023-09-27 15:06:40,789 [INFO] ProjectBuilder:3622 - Project Generator version: 3.14.1
2023-09-27 15:06:41,148 [INFO] ConfigFileManager:1271 - The Die is : DIE412
2023-09-27 15:06:42,102 [ERROR] LocalSettings:59 - java.lang.NumberFormatException: For input string: ""
2023-09-27 15:06:42,789 [INFO] ProjectBuilder:3789 - Time for Generating toolchain IDE Files: 2000mS.
2023-09-27 15:06:42,789 [INFO] ProjectBuilder:2457 - Time for Copy CMSIS : 0mS.
2023-09-27 15:06:42,789 [INFO] ProjectBuilder:2457 - Time for Copy CMSIS : 0mS.
2023-09-27 15:08:56,935 [INFO] DmaTabbedPanel:198 - Cannot restore the selected Tab for DMA
2023-09-27 15:08:57,322 [INFO] Gpio:254 - dependency for GPIO []
2023-09-27 15:11:02,264 [INFO] UtilMem:74 - End SaveConfig() Used Memory: 798897376 Bytes (1073741824)
2023-09-27 15:11:03,359 [INFO] UtilMem:74 - End SaveConfig() Used Memory: 827735264 Bytes (1073741824)
2023-09-27 15:11:04,359 [INFO] UtilMem:74 - End SaveConfig() Used Memory: 880376336 Bytes (1073741824)
2023-09-27 15:11:04,656 [INFO] BlockDiagram:2740 - set Specific Code input for plugin: NVIC
2023-09-27 15:11:04,656 [INFO] BlockDiagram:2740 - set Specific Code input for plugin: SYS
2023-09-27 15:11:04,656 [INFO] BlockDiagram:2740 - set Specific Code input for plugin: GPIO
2023-09-27 15:11:04,656 [INFO] BlockDiagram:2740 - set Specific Code input for plugin: RCC
2023-09-27 15:11:04,656 [INFO] CodeGenerator:663 - code generatio: config db path: C:\ST\STM32CubeIDE_1.7.0\STM32CubeIDE\plugins\com.st.stm32cube.common.mx_6.3.0.202107141111\\db\
2023-09-27 15:11:04,890 [INFO] CodeEngine:239 - oldGeneratedFile, C:\Users\M S I\Desktop\Ex5\Excercise5\MXTmpFiles\license.tmp_save
2023-09-27 15:11:05,015 [INFO] CodeEngine:257 - Generated code: C:\Users\M S I\Desktop\Ex5\Excercise5\MXTmpFiles\license.tmp
2023-09-27 15:11:05,094 [INFO] CodeEngine:239 - oldGeneratedFile, C:\Users\M S I\Desktop\Ex5\Excercise5\MXTmpFiles\gpio.tmp_save
2023-09-27 15:11:05,156 [INFO] CodeEngine:257 - Generated code: C:\Users\M S I\Desktop\Ex5\Excercise5\MXTmpFiles\gpio.tmp
2023-09-27 15:11:05,203 [INFO] CodeEngine:239 - oldGeneratedFile, C:\Users\M S I\Desktop\Ex5\Excercise5\Core\Src\stm32f1xx_it.c_save
2023-09-27 15:11:05,281 [INFO] CodeEngine:257 - Generated code: C:\Users\M S I\Desktop\Ex5\Excercise5\Core\Src\stm32f1xx_it.c
2023-09-27 15:11:05,281 [INFO] CodeEngine:239 - oldGeneratedFile, C:\Users\M S I\Desktop\Ex5\Excercise5\Core\Inc\stm32f1xx_it.h_save
2023-09-27 15:11:05,343 [INFO] CodeEngine:257 - Generated code: C:\Users\M S I\Desktop\Ex5\Excercise5\Core\Inc\stm32f1xx_it.h
2023-09-27 15:11:05,359 [INFO] CodeEngine:239 - oldGeneratedFile, C:\Users\M S I\Desktop\Ex5\Excercise5\Core\Src\stm32f1xx_hal_msp.c_save
2023-09-27 15:11:05,437 [INFO] CodeEngine:257 - Generated code: C:\Users\M S I\Desktop\Ex5\Excercise5\Core\Src\stm32f1xx_hal_msp.c
2023-09-27 15:11:05,437 [INFO] CodeEngine:239 - oldGeneratedFile, C:\Users\M S I\Desktop\Ex5\Excercise5\MXTmpFiles\system.tmp_save
2023-09-27 15:11:05,500 [INFO] CodeEngine:257 - Generated code: C:\Users\M S I\Desktop\Ex5\Excercise5\MXTmpFiles\system.tmp
2023-09-27 15:11:05,531 [INFO] CodeEngine:239 - oldGeneratedFile, C:\Users\M S I\Desktop\Ex5\Excercise5\Core\Inc\stm32f1xx_hal_conf.h_save
2023-09-27 15:11:05,609 [INFO] CodeEngine:257 - Generated code: C:\Users\M S I\Desktop\Ex5\Excercise5\Core\Inc\stm32f1xx_hal_conf.h
2023-09-27 15:11:05,640 [INFO] CodeEngine:239 - oldGeneratedFile, C:\Users\M S I\Desktop\Ex5\Excercise5\Core\Inc\main.h_save
2023-09-27 15:11:05,703 [INFO] CodeEngine:257 - Generated code: C:\Users\M S I\Desktop\Ex5\Excercise5\Core\Inc\main.h
2023-09-27 15:11:05,718 [INFO] CodeEngine:239 - oldGeneratedFile, C:\Users\M S I\Desktop\Ex5\Excercise5\Core\Src\main.c_save
2023-09-27 15:11:05,828 [INFO] CodeEngine:257 - Generated code: C:\Users\M S I\Desktop\Ex5\Excercise5\Core\Src\main.c
2023-09-27 15:11:06,562 [INFO] ProjectBuilder:2578 - Time for Copy HAL[1] : 62mS.
2023-09-27 15:11:06,562 [INFO] ProjectBuilder:3622 - Project Generator version: 3.14.1
2023-09-27 15:11:07,031 [INFO] ConfigFileManager:1271 - The Die is : DIE412
2023-09-27 15:11:09,437 [INFO] ProjectBuilder:3789 - Time for Generating toolchain IDE Files: 2875mS.
2023-09-27 15:11:09,437 [INFO] ProjectBuilder:2457 - Time for Copy CMSIS : 0mS.
2023-09-27 15:11:09,437 [INFO] ProjectBuilder:2457 - Time for Copy CMSIS : 0mS.
2023-09-28 10:26:00,587 [INFO] Activator:177 - 


2023-09-28 10:26:00,587 [INFO] Activator:178 - !SESSION log4j initialized
